<?xml version="1.0" encoding="UTF-8"?>
<testsuite name="com.ait.tests.registration.tests.AddItemToCartPositiveTest" tests="1" skipped="0" failures="0" errors="0" timestamp="2025-07-09T17:34:08.019Z" hostname="IONCRACIUN" time="1.17">
  <properties/>
  <testcase name="buyProduct" classname="com.ait.tests.registration.tests.AddItemToCartPositiveTest" time="1.17"/>
  <system-out><![CDATA[]]></system-out>
  <system-err><![CDATA[]]></system-err>
</testsuite>
